# JRE version: Java(TM) SE Runtime Environment (13.0.1+9) (build 13.0.1+9)
# Java VM: Java HotSpot(TM) 64-Bit Server VM (13.0.1+9, mixed mode, sharing, tiered, compressed oops, g1 gc, windows-amd64)
Heap:
 garbage-first heap   total 262144K, used 102300K [0x00000000e0000000, 0x0000000100000000)
  region size 1024K, 4 young (4096K), 2 survivors (2048K)
 Metaspace       used 89954K, capacity 93051K, committed 93312K, reserved 335872K
  class space    used 11445K, capacity 12537K, committed 12672K, reserved 253952K
GC Heap History (20 events):
Event: 54.621 GC heap before
{Heap before GC invocations=12 (full 0):
 garbage-first heap   total 262144K, used 169395K [0x00000000e0000000, 0x0000000100000000)
  region size 1024K, 115 young (117760K), 5 survivors (5120K)
 Metaspace       used 63541K, capacity 65711K, committed 66048K, reserved 311296K
  class space    used 8592K, capacity 9373K, committed 9472K, reserved 253952K
}
Event: 54.645 GC heap after
{Heap after GC invocations=13 (full 0):
 garbage-first heap   total 262144K, used 70144K [0x00000000e0000000, 0x0000000100000000)
  region size 1024K, 15 young (15360K), 15 survivors (15360K)
 Metaspace       used 63541K, capacity 65711K, committed 66048K, reserved 311296K
  class space    used 8592K, capacity 9373K, committed 9472K, reserved 253952K
}
Event: 63.120 GC heap before
{Heap before GC invocations=13 (full 0):
 garbage-first heap   total 262144K, used 178688K [0x00000000e0000000, 0x0000000100000000)
  region size 1024K, 121 young (123904K), 15 survivors (15360K)
 Metaspace       used 71917K, capacity 74329K, committed 74496K, reserved 319488K
  class space    used 9547K, capacity 10373K, committed 10496K, reserved 253952K
}
Event: 63.178 GC heap after
{Heap after GC invocations=14 (full 0):
 garbage-first heap   total 262144K, used 86711K [0x00000000e0000000, 0x0000000100000000)
  region size 1024K, 16 young (16384K), 16 survivors (16384K)
 Metaspace       used 71917K, capacity 74329K, committed 74496K, reserved 319488K
  class space    used 9547K, capacity 10373K, committed 10496K, reserved 253952K
}
Event: 69.495 GC heap before
{Heap before GC invocations=14 (full 0):
 garbage-first heap   total 262144K, used 185015K [0x00000000e0000000, 0x0000000100000000)
  region size 1024K, 113 young (115712K), 16 survivors (16384K)
 Metaspace       used 74088K, capacity 76568K, committed 76800K, reserved 321536K
  class space    used 9839K, capacity 10705K, committed 10752K, reserved 253952K
}
Event: 69.536 GC heap after
{Heap after GC invocations=15 (full 0):
 garbage-first heap   total 262144K, used 94208K [0x00000000e0000000, 0x0000000100000000)
  region size 1024K, 7 young (7168K), 7 survivors (7168K)
 Metaspace       used 74088K, capacity 76568K, committed 76800K, reserved 321536K
  class space    used 9839K, capacity 10705K, committed 10752K, reserved 253952K
}
Event: 72.638 GC heap before
{Heap before GC invocations=15 (full 0):
 garbage-first heap   total 262144K, used 193536K [0x00000000e0000000, 0x0000000100000000)
  region size 1024K, 104 young (106496K), 7 survivors (7168K)
 Metaspace       used 75056K, capacity 77630K, committed 77696K, reserved 321536K
  class space    used 9940K, capacity 10848K, committed 10880K, reserved 253952K
}
Event: 72.660 GC heap after
{Heap after GC invocations=16 (full 0):
 garbage-first heap   total 262144K, used 100352K [0x00000000e0000000, 0x0000000100000000)
  region size 1024K, 13 young (13312K), 13 survivors (13312K)
 Metaspace       used 75056K, capacity 77630K, committed 77696K, reserved 321536K
  class space    used 9940K, capacity 10848K, committed 10880K, reserved 253952K
}
Event: 1049.305 GC heap before
{Heap before GC invocations=16 (full 0):
 garbage-first heap   total 262144K, used 197632K [0x00000000e0000000, 0x0000000100000000)
  region size 1024K, 109 young (111616K), 13 survivors (13312K)
 Metaspace       used 80695K, capacity 83328K, committed 83584K, reserved 327680K
  class space    used 10427K, capacity 11349K, committed 11392K, reserved 253952K
}
Event: 1049.367 GC heap after
{Heap after GC invocations=17 (full 0):
 garbage-first heap   total 262144K, used 103096K [0x00000000e0000000, 0x0000000100000000)
  region size 1024K, 11 young (11264K), 11 survivors (11264K)
 Metaspace       used 80695K, capacity 83328K, committed 83584K, reserved 327680K
  class space    used 10427K, capacity 11349K, committed 11392K, reserved 253952K
}
Event: 1300.003 GC heap before
{Heap before GC invocations=17 (full 0):
 garbage-first heap   total 262144K, used 202424K [0x00000000e0000000, 0x0000000100000000)
  region size 1024K, 108 young (110592K), 11 survivors (11264K)
 Metaspace       used 81747K, capacity 84564K, committed 84736K, reserved 327680K
  class space    used 10501K, capacity 11481K, committed 11520K, reserved 253952K
}
Event: 1300.043 GC heap after
{Heap after GC invocations=18 (full 0):
 garbage-first heap   total 262144K, used 121511K [0x00000000e0000000, 0x0000000100000000)
  region size 1024K, 14 young (14336K), 14 survivors (14336K)
 Metaspace       used 81747K, capacity 84564K, committed 84736K, reserved 327680K
  class space    used 10501K, capacity 11481K, committed 11520K, reserved 253952K
}
Event: 1301.960 GC heap before
{Heap before GC invocations=18 (full 0):
 garbage-first heap   total 262144K, used 202407K [0x00000000e0000000, 0x0000000100000000)
  region size 1024K, 94 young (96256K), 14 survivors (14336K)
 Metaspace       used 82003K, capacity 84882K, committed 84992K, reserved 327680K
  class space    used 10523K, capacity 11520K, committed 11520K, reserved 253952K
}
Event: 1302.001 GC heap after
{Heap after GC invocations=19 (full 0):
 garbage-first heap   total 262144K, used 128000K [0x00000000e0000000, 0x0000000100000000)
  region size 1024K, 6 young (6144K), 6 survivors (6144K)
 Metaspace       used 82003K, capacity 84882K, committed 84992K, reserved 327680K
  class space    used 10523K, capacity 11520K, committed 11520K, reserved 253952K
}
Event: 2100.190 GC heap before
{Heap before GC invocations=19 (full 0):
 garbage-first heap   total 262144K, used 206848K [0x00000000e0000000, 0x0000000100000000)
  region size 1024K, 84 young (86016K), 6 survivors (6144K)
 Metaspace       used 82617K, capacity 85506K, committed 85632K, reserved 329728K
  class space    used 10566K, capacity 11566K, committed 11648K, reserved 253952K
}
Event: 2100.205 GC heap after
{Heap after GC invocations=20 (full 0):
 garbage-first heap   total 262144K, used 128150K [0x00000000e0000000, 0x0000000100000000)
  region size 1024K, 6 young (6144K), 6 survivors (6144K)
 Metaspace       used 82617K, capacity 85506K, committed 85632K, reserved 329728K
  class space    used 10566K, capacity 11566K, committed 11648K, reserved 253952K
}
Event: 2102.047 GC heap before
{Heap before GC invocations=21 (full 0):
 garbage-first heap   total 262144K, used 210070K [0x00000000e0000000, 0x0000000100000000)
  region size 1024K, 86 young (88064K), 6 survivors (6144K)
 Metaspace       used 89410K, capacity 92398K, committed 92928K, reserved 335872K
  class space    used 11367K, capacity 12403K, committed 12544K, reserved 253952K
}
Event: 2102.063 GC heap after
{Heap after GC invocations=22 (full 0):
 garbage-first heap   total 262144K, used 132608K [0x00000000e0000000, 0x0000000100000000)
  region size 1024K, 10 young (10240K), 10 survivors (10240K)
 Metaspace       used 89410K, capacity 92398K, committed 92928K, reserved 335872K
  class space    used 11367K, capacity 12403K, committed 12544K, reserved 253952K
}
Event: 2102.092 GC heap before
{Heap before GC invocations=22 (full 0):
 garbage-first heap   total 262144K, used 134656K [0x00000000e0000000, 0x0000000100000000)
  region size 1024K, 12 young (12288K), 10 survivors (10240K)
 Metaspace       used 89501K, capacity 92557K, committed 92928K, reserved 335872K
  class space    used 11388K, capacity 12435K, committed 12544K, reserved 253952K
}
Event: 2102.121 GC heap after
{Heap after GC invocations=23 (full 0):
 garbage-first heap   total 262144K, used 111426K [0x00000000e0000000, 0x0000000100000000)
  region size 1024K, 2 young (2048K), 2 survivors (2048K)
 Metaspace       used 89501K, capacity 92557K, committed 92928K, reserved 335872K
  class space    used 11388K, capacity 12435K, committed 12544K, reserved 253952K
}

