# JRE version: Java(TM) SE Runtime Environment (13.0.1+9) (build 13.0.1+9)
# Java VM: Java HotSpot(TM) 64-Bit Server VM (13.0.1+9, mixed mode, sharing, tiered, compressed oops, g1 gc, windows-amd64)
Heap:
 garbage-first heap   total 262144K, used 48599K [0x00000000e0000000, 0x0000000100000000)
  region size 1024K, 23 young (23552K), 17 survivors (17408K)
 Metaspace       used 46881K, capacity 48172K, committed 48256K, reserved 296960K
  class space    used 6261K, capacity 6737K, committed 6784K, reserved 253952K
GC Heap History (16 events):
Event: 0.443 GC heap before
{Heap before GC invocations=0 (full 0):
 garbage-first heap   total 262144K, used 19456K [0x00000000e0000000, 0x0000000100000000)
  region size 1024K, 14 young (14336K), 0 survivors (0K)
 Metaspace       used 2040K, capacity 5437K, committed 5504K, reserved 262144K
  class space    used 237K, capacity 576K, committed 640K, reserved 253952K
}
Event: 0.448 GC heap after
{Heap after GC invocations=1 (full 0):
 garbage-first heap   total 262144K, used 7617K [0x00000000e0000000, 0x0000000100000000)
  region size 1024K, 2 young (2048K), 2 survivors (2048K)
 Metaspace       used 2040K, capacity 5437K, committed 5504K, reserved 262144K
  class space    used 237K, capacity 576K, committed 640K, reserved 253952K
}
Event: 0.719 GC heap before
{Heap before GC invocations=1 (full 0):
 garbage-first heap   total 262144K, used 18881K [0x00000000e0000000, 0x0000000100000000)
  region size 1024K, 13 young (13312K), 2 survivors (2048K)
 Metaspace       used 3727K, capacity 6540K, committed 6656K, reserved 262144K
  class space    used 478K, capacity 753K, committed 768K, reserved 253952K
}
Event: 0.722 GC heap after
{Heap after GC invocations=2 (full 0):
 garbage-first heap   total 262144K, used 8458K [0x00000000e0000000, 0x0000000100000000)
  region size 1024K, 1 young (1024K), 1 survivors (1024K)
 Metaspace       used 3727K, capacity 6540K, committed 6656K, reserved 262144K
  class space    used 478K, capacity 753K, committed 768K, reserved 253952K
}
Event: 1.046 GC heap before
{Heap before GC invocations=2 (full 0):
 garbage-first heap   total 262144K, used 36106K [0x00000000e0000000, 0x0000000100000000)
  region size 1024K, 29 young (29696K), 1 survivors (1024K)
 Metaspace       used 3938K, capacity 6596K, committed 6784K, reserved 262144K
  class space    used 493K, capacity 793K, committed 896K, reserved 253952K
}
Event: 1.050 GC heap after
{Heap after GC invocations=3 (full 0):
 garbage-first heap   total 262144K, used 12511K [0x00000000e0000000, 0x0000000100000000)
  region size 1024K, 4 young (4096K), 4 survivors (4096K)
 Metaspace       used 3938K, capacity 6596K, committed 6784K, reserved 262144K
  class space    used 493K, capacity 793K, committed 896K, reserved 253952K
}
Event: 3.475 GC heap before
{Heap before GC invocations=3 (full 0):
 garbage-first heap   total 262144K, used 53471K [0x00000000e0000000, 0x0000000100000000)
  region size 1024K, 44 young (45056K), 4 survivors (4096K)
 Metaspace       used 10935K, capacity 11359K, committed 11520K, reserved 264192K
  class space    used 1560K, capacity 1710K, committed 1792K, reserved 253952K
}
Event: 3.482 GC heap after
{Heap after GC invocations=4 (full 0):
 garbage-first heap   total 262144K, used 15675K [0x00000000e0000000, 0x0000000100000000)
  region size 1024K, 3 young (3072K), 3 survivors (3072K)
 Metaspace       used 10935K, capacity 11359K, committed 11520K, reserved 264192K
  class space    used 1560K, capacity 1710K, committed 1792K, reserved 253952K
}
Event: 4.436 GC heap before
{Heap before GC invocations=4 (full 0):
 garbage-first heap   total 262144K, used 69947K [0x00000000e0000000, 0x0000000100000000)
  region size 1024K, 58 young (59392K), 3 survivors (3072K)
 Metaspace       used 20457K, capacity 20979K, committed 21248K, reserved 272384K
  class space    used 2868K, capacity 3047K, committed 3072K, reserved 253952K
}
Event: 4.448 GC heap after
{Heap after GC invocations=5 (full 0):
 garbage-first heap   total 262144K, used 19131K [0x00000000e0000000, 0x0000000100000000)
  region size 1024K, 7 young (7168K), 7 survivors (7168K)
 Metaspace       used 20457K, capacity 20979K, committed 21248K, reserved 272384K
  class space    used 2868K, capacity 3047K, committed 3072K, reserved 253952K
}
Event: 8.242 GC heap before
{Heap before GC invocations=6 (full 0):
 garbage-first heap   total 262144K, used 94907K [0x00000000e0000000, 0x0000000100000000)
  region size 1024K, 79 young (80896K), 7 survivors (7168K)
 Metaspace       used 28046K, capacity 28800K, committed 28928K, reserved 280576K
  class space    used 3793K, capacity 4053K, committed 4096K, reserved 253952K
}
Event: 8.258 GC heap after
{Heap after GC invocations=7 (full 0):
 garbage-first heap   total 262144K, used 24315K [0x00000000e0000000, 0x0000000100000000)
  region size 1024K, 9 young (9216K), 9 survivors (9216K)
 Metaspace       used 28046K, capacity 28800K, committed 28928K, reserved 280576K
  class space    used 3793K, capacity 4053K, committed 4096K, reserved 253952K
}
Event: 9.845 GC heap before
{Heap before GC invocations=7 (full 0):
 garbage-first heap   total 262144K, used 119547K [0x00000000e0000000, 0x0000000100000000)
  region size 1024K, 102 young (104448K), 9 survivors (9216K)
 Metaspace       used 34488K, capacity 35444K, committed 35584K, reserved 284672K
  class space    used 4692K, capacity 5026K, committed 5120K, reserved 253952K
}
Event: 9.873 GC heap after
{Heap after GC invocations=8 (full 0):
 garbage-first heap   total 262144K, used 34165K [0x00000000e0000000, 0x0000000100000000)
  region size 1024K, 17 young (17408K), 17 survivors (17408K)
 Metaspace       used 34488K, capacity 35444K, committed 35584K, reserved 284672K
  class space    used 4692K, capacity 5026K, committed 5120K, reserved 253952K
}
Event: 11.749 GC heap before
{Heap before GC invocations=9 (full 0):
 garbage-first heap   total 262144K, used 152949K [0x00000000e0000000, 0x0000000100000000)
  region size 1024K, 133 young (136192K), 17 survivors (17408K)
 Metaspace       used 46853K, capacity 48172K, committed 48256K, reserved 296960K
  class space    used 6258K, capacity 6737K, committed 6784K, reserved 253952K
}
Event: 11.780 GC heap after
{Heap after GC invocations=10 (full 0):
 garbage-first heap   total 262144K, used 43479K [0x00000000e0000000, 0x0000000100000000)
  region size 1024K, 17 young (17408K), 17 survivors (17408K)
 Metaspace       used 46853K, capacity 48172K, committed 48256K, reserved 296960K
  class space    used 6258K, capacity 6737K, committed 6784K, reserved 253952K
}

